<!DOCTYPE html PUBLIC "-//W3C//DTD XHTML 1.1//EN" "http://www.w3.org/TR/xhtml11/DTD/xhtml11.dtd">
<html xmlns="http://www.w3.org/1999/xhtml">
<head>
<title>TestNG:  Unit Test</title>
<style type="text/css">
table caption,table.info_table,table.result,table.passed,table.failed {margin-bottom:10px;border:1px solid #000099;border-collapse:collapse;empty-cells:show;}
table.info_table td,table.info_table th,table.result td,table.result th,table.passed td,table.passed th,table.failed td,table.failed th {
border:1px solid #000099;padding:.25em .5em .25em .5em
}
table.result th {vertical-align:bottom}
tr.param th {padding-left:1em;padding-right:1em}
tr.param td {padding-left:.5em;padding-right:2em}
td.numi,th.numi,td.numi_attn {
text-align:right
}
tr.total td {font-weight:bold}
table caption {
text-align:center;font-weight:bold;
}
table.passed tr.stripe td,table tr.passedodd td {background-color: #00AA00;}
table.passed td,table tr.passedeven td {background-color: #33FF33;}
table.passed tr.stripe td,table tr.skippedodd td {background-color: #cccccc;}
table.passed td,table tr.skippedodd td {background-color: #dddddd;}
table.failed tr.stripe td,table tr.failedodd td,table.result td.numi_attn {background-color: #FF3333;}
table.failed td,table tr.failedeven td,table.result tr.stripe td.numi_attn {background-color: #DD0000;}
tr.stripe td,tr.stripe th {background-color: #E6EBF9;}
p.totop {font-size:85%;text-align:center;border-bottom:2px black solid}
div.shootout {padding:2em;border:3px #4854A8 solid}
</style>
</head>
<body>
<table cellspacing="0" cellpadding="0" class="result">
<tr><th>Test</th><th class="numi">Methods<br/>Passed</th><th class="numi">Scenarios<br/>Passed</th><th class="numi"># skipped</th><th class="numi"># failed</th><th class="numi">Total<br/>Time</th><th class="numi">Included<br/>Groups</th><th class="numi">Excluded<br/>Groups</th></tr>
<tr><td style="text-align:left;padding-right:2em">Siebel CRM Application Test Cases</td><td class="numi">3</td><td class="numi">3</td><td class="numi_attn">4</td><td class="numi">0</td><td class="numi">167.6 seconds</td><td class="numi"></td><td class="numi"></td></tr>
</table>
<table cellspacing="0" cellpadding="0" class="passed" id="summary">
<tr><th>Class</th><th>Method</th><th># of<br/>Scenarios</th><th>Start</th><th>Time<br/>(ms)</th></tr>
<tr><th colspan="4">Siebel CRM Application Test Cases &#8212; failed (configuration methods)</th></tr>
<tr class="failedodd"><td rowspan="1">com.crm.qa.tests.LoginPageTest</td><td><a href="#m1"><b>setup</b>  </a></td><td class="numi">1</td><td>1518674482305</td><td class="numi">0</td></tr>
<tr class="failedeven"><td rowspan="1">com.crm.qa.tests.ContactsPageTest</td><td><a href="#m2"><b>setup</b>  </a></td><td class="numi">1</td><td>1518674595884</td><td class="numi">0</td></tr>
<tr><th colspan="4">Siebel CRM Application Test Cases &#8212; skipped (configuration methods)</th></tr>
<tr class="skippedodd"><td rowspan="2">com.crm.qa.tests.LoginPageTest</td><td><a href="#m3"><b>setup</b>  </a></td><td class="numi">2</td><td>1518674504010</td><td class="numi">8</td></tr><tr class="skippedodd"><td><a href="#m4"><b>teardown</b>  </a></td><td class="numi">3</td><td>1518674504007</td><td class="numi">15</td></tr>
<tr class="skippedeven"><td rowspan="1">com.crm.qa.tests.ContactsPageTest</td><td><a href="#m5"><b>teardown</b>  </a></td><td class="numi">1</td><td>1518674649908</td><td class="numi">0</td></tr>
<tr><th colspan="4">Siebel CRM Application Test Cases &#8212; skipped</th></tr>
<tr class="skippedodd"><td rowspan="3">com.crm.qa.tests.LoginPageTest</td><td><a href="#m6"><b>pagetitleTest</b>  </a></td><td class="numi">1</td><td>1518674504004</td><td class="numi">2</td></tr><tr class="skippedodd"><td><a href="#m7"><b>oraclelogoTest</b>  </a></td><td class="numi">1</td><td>1518674504011</td><td class="numi">2</td></tr><tr class="skippedodd"><td><a href="#m8"><b>loginTest</b>  </a></td><td class="numi">1</td><td>1518674504019</td><td class="numi">2</td></tr>
<tr class="skippedeven"><td rowspan="1">com.crm.qa.tests.ContactsPageTest</td><td><a href="#m9"><b>contactspagetitleTest</b>  </a></td><td class="numi">1</td><td>1518674649905</td><td class="numi">2</td></tr>
<tr><th colspan="4">Siebel CRM Application Test Cases &#8212; passed</th></tr>
<tr class="passedodd"><td rowspan="3">com.crm.qa.tests.HomePageTest</td><td><a href="#m10"><b>HomepagetitleTest</b>  </a></td><td class="numi">1</td><td>1518674512002</td><td class="numi">20022</td></tr><tr class="passedodd"><td><a href="#m11"><b>logoutTest</b>  </a></td><td class="numi">1</td><td>1518674541016</td><td class="numi">22790</td></tr><tr class="passedodd"><td><a href="#m12"><b>ContactslinkTest</b>  </a></td><td class="numi">1</td><td>1518674572702</td><td class="numi">22185</td></tr>
</table>
<h1>Siebel CRM Application Test Cases</h1>
<h2 id="m1">com.crm.qa.tests.LoginPageTest:setup</h2>
<div style="padding-left:3em">
<p>java.net.SocketTimeoutException: Read timed out
Build info: version: &apos;3.9.0&apos;, revision: &apos;698b3178f0&apos;, time: &apos;2018-02-05T14:26:55.441Z&apos;
System info: host: &apos;DINANDAK-LAP&apos;, ip: &apos;10.184.41.183&apos;, os.name: &apos;Windows 10&apos;, os.arch: &apos;amd64&apos;, os.version: &apos;10.0&apos;, java.version: &apos;9.0.4&apos;
Driver info: driver.version: EventFiringWebDriver</p>
org.openqa.selenium.remote.service.DriverCommandExecutor.execute(DriverCommandExecutor.java:92)
<br/>at org.openqa.selenium.remote.RemoteWebDriver.execute(RemoteWebDriver.java:601)
<br/>at org.openqa.selenium.remote.RemoteWebDriver.get(RemoteWebDriver.java:325)
<br/>at java.base/jdk.internal.reflect.NativeMethodAccessorImpl.invoke0(Native Method)
<br/>at java.base/jdk.internal.reflect.NativeMethodAccessorImpl.invoke(NativeMethodAccessorImpl.java:62)
<br/>at java.base/jdk.internal.reflect.DelegatingMethodAccessorImpl.invoke(DelegatingMethodAccessorImpl.java:43)
<br/>at java.base/java.lang.reflect.Method.invoke(Method.java:564)
<br/>at org.openqa.selenium.support.events.EventFiringWebDriver$2.invoke(EventFiringWebDriver.java:108)
<br/>at com.sun.proxy.$Proxy10.get(Unknown Source)
<br/>at org.openqa.selenium.support.events.EventFiringWebDriver.get(EventFiringWebDriver.java:167)
<br/>at com.crm.qa.base.TestBase.initilazation(TestBase.java:61)
<br/>at com.crm.qa.tests.LoginPageTest.setup(LoginPageTest.java:24)
<br/>27 lines not shown
<p>Caused by Read timed out</p>
java.base/java.net.SocketInputStream.socketRead0(Native Method)
<br/>at java.base/java.net.SocketInputStream.socketRead(SocketInputStream.java:116)
<br/>at java.base/java.net.SocketInputStream.read(SocketInputStream.java:171)
<br/>at java.base/java.net.SocketInputStream.read(SocketInputStream.java:141)
<br/>at okio.Okio$2.read(Okio.java:139)
<br/>at okio.AsyncTimeout$2.read(AsyncTimeout.java:237)
<br/>at okio.RealBufferedSource.indexOf(RealBufferedSource.java:345)
<br/>at okio.RealBufferedSource.readUtf8LineStrict(RealBufferedSource.java:217)
<br/>at okhttp3.internal.http1.Http1Codec.readHeaderLine(Http1Codec.java:212)
<br/>at okhttp3.internal.http1.Http1Codec.readResponseHeaders(Http1Codec.java:189)
<br/>at okhttp3.internal.http.CallServerInterceptor.intercept(CallServerInterceptor.java:88)
<br/>at okhttp3.internal.http.RealInterceptorChain.proceed(RealInterceptorChain.java:147)
<br/>at okhttp3.internal.connection.ConnectInterceptor.intercept(ConnectInterceptor.java:45)
<br/>at okhttp3.internal.http.RealInterceptorChain.proceed(RealInterceptorChain.java:147)
<br/>at okhttp3.internal.http.RealInterceptorChain.proceed(RealInterceptorChain.java:121)
<br/>at okhttp3.internal.cache.CacheInterceptor.intercept(CacheInterceptor.java:93)
<br/>at okhttp3.internal.http.RealInterceptorChain.proceed(RealInterceptorChain.java:147)
<br/>at okhttp3.internal.http.RealInterceptorChain.proceed(RealInterceptorChain.java:121)
<br/>at okhttp3.internal.http.BridgeInterceptor.intercept(BridgeInterceptor.java:93)
<br/>at okhttp3.internal.http.RealInterceptorChain.proceed(RealInterceptorChain.java:147)
<br/>at okhttp3.internal.http.RetryAndFollowUpInterceptor.intercept(RetryAndFollowUpInterceptor.java:125)
<br/>at okhttp3.internal.http.RealInterceptorChain.proceed(RealInterceptorChain.java:147)
<br/>at okhttp3.internal.http.RealInterceptorChain.proceed(RealInterceptorChain.java:121)
<br/>at okhttp3.RealCall.getResponseWithInterceptorChain(RealCall.java:200)
<br/>at okhttp3.RealCall.execute(RealCall.java:77)
<br/>at org.openqa.selenium.remote.internal.OkHttpClient.execute(OkHttpClient.java:97)
<br/>at org.openqa.selenium.remote.internal.OkHttpClient.execute(OkHttpClient.java:47)
<br/>at org.openqa.selenium.remote.HttpCommandExecutor.execute(HttpCommandExecutor.java:157)
<br/>at org.openqa.selenium.remote.service.DriverCommandExecutor.execute(DriverCommandExecutor.java:83)
<br/>at org.openqa.selenium.remote.RemoteWebDriver.execute(RemoteWebDriver.java:601)
<br/>at org.openqa.selenium.remote.RemoteWebDriver.get(RemoteWebDriver.java:325)
<br/>at java.base/jdk.internal.reflect.NativeMethodAccessorImpl.invoke0(Native Method)
<br/>at java.base/jdk.internal.reflect.NativeMethodAccessorImpl.invoke(NativeMethodAccessorImpl.java:62)
<br/>at java.base/jdk.internal.reflect.DelegatingMethodAccessorImpl.invoke(DelegatingMethodAccessorImpl.java:43)
<br/>at java.base/java.lang.reflect.Method.invoke(Method.java:564)
<br/>at org.openqa.selenium.support.events.EventFiringWebDriver$2.invoke(EventFiringWebDriver.java:108)
<br/>at com.sun.proxy.$Proxy10.get(Unknown Source)
<br/>at org.openqa.selenium.support.events.EventFiringWebDriver.get(EventFiringWebDriver.java:167)
<br/>at com.crm.qa.base.TestBase.initilazation(TestBase.java:61)
<br/>at com.crm.qa.tests.LoginPageTest.setup(LoginPageTest.java:24)
<br/>27 lines not shown
</div>
<p class="totop"><a href="#summary">back to summary</a></p>
<h2 id="m2">com.crm.qa.tests.ContactsPageTest:setup</h2>
<div style="padding-left:3em">
<p>java.net.SocketTimeoutException: timeout
Build info: version: &apos;3.9.0&apos;, revision: &apos;698b3178f0&apos;, time: &apos;2018-02-05T14:26:55.441Z&apos;
System info: host: &apos;DINANDAK-LAP&apos;, ip: &apos;10.184.41.183&apos;, os.name: &apos;Windows 10&apos;, os.arch: &apos;amd64&apos;, os.version: &apos;10.0&apos;, java.version: &apos;9.0.4&apos;
Driver info: driver.version: EventFiringWebDriver</p>
org.openqa.selenium.remote.service.DriverCommandExecutor.execute(DriverCommandExecutor.java:92)
<br/>at org.openqa.selenium.remote.RemoteWebDriver.execute(RemoteWebDriver.java:601)
<br/>at org.openqa.selenium.remote.RemoteWebDriver.get(RemoteWebDriver.java:325)
<br/>at java.base/jdk.internal.reflect.NativeMethodAccessorImpl.invoke0(Native Method)
<br/>at java.base/jdk.internal.reflect.NativeMethodAccessorImpl.invoke(NativeMethodAccessorImpl.java:62)
<br/>at java.base/jdk.internal.reflect.DelegatingMethodAccessorImpl.invoke(DelegatingMethodAccessorImpl.java:43)
<br/>at java.base/java.lang.reflect.Method.invoke(Method.java:564)
<br/>at org.openqa.selenium.support.events.EventFiringWebDriver$2.invoke(EventFiringWebDriver.java:108)
<br/>at com.sun.proxy.$Proxy10.get(Unknown Source)
<br/>at org.openqa.selenium.support.events.EventFiringWebDriver.get(EventFiringWebDriver.java:167)
<br/>at com.crm.qa.base.TestBase.initilazation(TestBase.java:61)
<br/>at com.crm.qa.tests.ContactsPageTest.setup(ContactsPageTest.java:27)
<br/>27 lines not shown
<p>Caused by timeout</p>
okio.Okio$4.newTimeoutException(Okio.java:230)
<br/>at okio.AsyncTimeout.exit(AsyncTimeout.java:285)
<br/>at okio.AsyncTimeout$2.read(AsyncTimeout.java:241)
<br/>at okio.RealBufferedSource.indexOf(RealBufferedSource.java:345)
<br/>at okio.RealBufferedSource.readUtf8LineStrict(RealBufferedSource.java:217)
<br/>at okhttp3.internal.http1.Http1Codec.readHeaderLine(Http1Codec.java:212)
<br/>at okhttp3.internal.http1.Http1Codec.readResponseHeaders(Http1Codec.java:189)
<br/>at okhttp3.internal.http.CallServerInterceptor.intercept(CallServerInterceptor.java:88)
<br/>at okhttp3.internal.http.RealInterceptorChain.proceed(RealInterceptorChain.java:147)
<br/>at okhttp3.internal.connection.ConnectInterceptor.intercept(ConnectInterceptor.java:45)
<br/>at okhttp3.internal.http.RealInterceptorChain.proceed(RealInterceptorChain.java:147)
<br/>at okhttp3.internal.http.RealInterceptorChain.proceed(RealInterceptorChain.java:121)
<br/>at okhttp3.internal.cache.CacheInterceptor.intercept(CacheInterceptor.java:93)
<br/>at okhttp3.internal.http.RealInterceptorChain.proceed(RealInterceptorChain.java:147)
<br/>at okhttp3.internal.http.RealInterceptorChain.proceed(RealInterceptorChain.java:121)
<br/>at okhttp3.internal.http.BridgeInterceptor.intercept(BridgeInterceptor.java:93)
<br/>at okhttp3.internal.http.RealInterceptorChain.proceed(RealInterceptorChain.java:147)
<br/>at okhttp3.internal.http.RetryAndFollowUpInterceptor.intercept(RetryAndFollowUpInterceptor.java:125)
<br/>at okhttp3.internal.http.RealInterceptorChain.proceed(RealInterceptorChain.java:147)
<br/>at okhttp3.internal.http.RealInterceptorChain.proceed(RealInterceptorChain.java:121)
<br/>at okhttp3.RealCall.getResponseWithInterceptorChain(RealCall.java:200)
<br/>at okhttp3.RealCall.execute(RealCall.java:77)
<br/>at org.openqa.selenium.remote.internal.OkHttpClient.execute(OkHttpClient.java:97)
<br/>at org.openqa.selenium.remote.internal.OkHttpClient.execute(OkHttpClient.java:47)
<br/>at org.openqa.selenium.remote.HttpCommandExecutor.execute(HttpCommandExecutor.java:157)
<br/>at org.openqa.selenium.remote.service.DriverCommandExecutor.execute(DriverCommandExecutor.java:83)
<br/>at org.openqa.selenium.remote.RemoteWebDriver.execute(RemoteWebDriver.java:601)
<br/>at org.openqa.selenium.remote.RemoteWebDriver.get(RemoteWebDriver.java:325)
<br/>at java.base/jdk.internal.reflect.NativeMethodAccessorImpl.invoke0(Native Method)
<br/>at java.base/jdk.internal.reflect.NativeMethodAccessorImpl.invoke(NativeMethodAccessorImpl.java:62)
<br/>at java.base/jdk.internal.reflect.DelegatingMethodAccessorImpl.invoke(DelegatingMethodAccessorImpl.java:43)
<br/>at java.base/java.lang.reflect.Method.invoke(Method.java:564)
<br/>at org.openqa.selenium.support.events.EventFiringWebDriver$2.invoke(EventFiringWebDriver.java:108)
<br/>at com.sun.proxy.$Proxy10.get(Unknown Source)
<br/>at org.openqa.selenium.support.events.EventFiringWebDriver.get(EventFiringWebDriver.java:167)
<br/>at com.crm.qa.base.TestBase.initilazation(TestBase.java:61)
<br/>at com.crm.qa.tests.ContactsPageTest.setup(ContactsPageTest.java:27)
<br/>27 lines not shown
<p>Caused by Read timed out</p>
java.base/java.net.SocketInputStream.socketRead0(Native Method)
<br/>at java.base/java.net.SocketInputStream.socketRead(SocketInputStream.java:116)
<br/>at java.base/java.net.SocketInputStream.read(SocketInputStream.java:171)
<br/>at java.base/java.net.SocketInputStream.read(SocketInputStream.java:141)
<br/>at okio.Okio$2.read(Okio.java:139)
<br/>at okio.AsyncTimeout$2.read(AsyncTimeout.java:237)
<br/>at okio.RealBufferedSource.indexOf(RealBufferedSource.java:345)
<br/>at okio.RealBufferedSource.readUtf8LineStrict(RealBufferedSource.java:217)
<br/>at okhttp3.internal.http1.Http1Codec.readHeaderLine(Http1Codec.java:212)
<br/>at okhttp3.internal.http1.Http1Codec.readResponseHeaders(Http1Codec.java:189)
<br/>at okhttp3.internal.http.CallServerInterceptor.intercept(CallServerInterceptor.java:88)
<br/>at okhttp3.internal.http.RealInterceptorChain.proceed(RealInterceptorChain.java:147)
<br/>at okhttp3.internal.connection.ConnectInterceptor.intercept(ConnectInterceptor.java:45)
<br/>at okhttp3.internal.http.RealInterceptorChain.proceed(RealInterceptorChain.java:147)
<br/>at okhttp3.internal.http.RealInterceptorChain.proceed(RealInterceptorChain.java:121)
<br/>at okhttp3.internal.cache.CacheInterceptor.intercept(CacheInterceptor.java:93)
<br/>at okhttp3.internal.http.RealInterceptorChain.proceed(RealInterceptorChain.java:147)
<br/>at okhttp3.internal.http.RealInterceptorChain.proceed(RealInterceptorChain.java:121)
<br/>at okhttp3.internal.http.BridgeInterceptor.intercept(BridgeInterceptor.java:93)
<br/>at okhttp3.internal.http.RealInterceptorChain.proceed(RealInterceptorChain.java:147)
<br/>at okhttp3.internal.http.RetryAndFollowUpInterceptor.intercept(RetryAndFollowUpInterceptor.java:125)
<br/>at okhttp3.internal.http.RealInterceptorChain.proceed(RealInterceptorChain.java:147)
<br/>at okhttp3.internal.http.RealInterceptorChain.proceed(RealInterceptorChain.java:121)
<br/>at okhttp3.RealCall.getResponseWithInterceptorChain(RealCall.java:200)
<br/>at okhttp3.RealCall.execute(RealCall.java:77)
<br/>at org.openqa.selenium.remote.internal.OkHttpClient.execute(OkHttpClient.java:97)
<br/>at org.openqa.selenium.remote.internal.OkHttpClient.execute(OkHttpClient.java:47)
<br/>at org.openqa.selenium.remote.HttpCommandExecutor.execute(HttpCommandExecutor.java:157)
<br/>at org.openqa.selenium.remote.service.DriverCommandExecutor.execute(DriverCommandExecutor.java:83)
<br/>at org.openqa.selenium.remote.RemoteWebDriver.execute(RemoteWebDriver.java:601)
<br/>at org.openqa.selenium.remote.RemoteWebDriver.get(RemoteWebDriver.java:325)
<br/>at java.base/jdk.internal.reflect.NativeMethodAccessorImpl.invoke0(Native Method)
<br/>at java.base/jdk.internal.reflect.NativeMethodAccessorImpl.invoke(NativeMethodAccessorImpl.java:62)
<br/>at java.base/jdk.internal.reflect.DelegatingMethodAccessorImpl.invoke(DelegatingMethodAccessorImpl.java:43)
<br/>at java.base/java.lang.reflect.Method.invoke(Method.java:564)
<br/>at org.openqa.selenium.support.events.EventFiringWebDriver$2.invoke(EventFiringWebDriver.java:108)
<br/>at com.sun.proxy.$Proxy10.get(Unknown Source)
<br/>at org.openqa.selenium.support.events.EventFiringWebDriver.get(EventFiringWebDriver.java:167)
<br/>at com.crm.qa.base.TestBase.initilazation(TestBase.java:61)
<br/>at com.crm.qa.tests.ContactsPageTest.setup(ContactsPageTest.java:27)
<br/>27 lines not shown
</div>
<p class="totop"><a href="#summary">back to summary</a></p>
<h2 id="m3">com.crm.qa.tests.LoginPageTest:setup</h2>
<p class="totop"><a href="#summary">back to summary</a></p>
<h2 id="m4">com.crm.qa.tests.LoginPageTest:teardown</h2>
<p class="totop"><a href="#summary">back to summary</a></p>
<h2 id="m5">com.crm.qa.tests.LoginPageTest:setup</h2>
<p class="totop"><a href="#summary">back to summary</a></p>
<h2 id="m6">com.crm.qa.tests.LoginPageTest:teardown</h2>
<p class="totop"><a href="#summary">back to summary</a></p>
<h2 id="m7">com.crm.qa.tests.LoginPageTest:teardown</h2>
<p class="totop"><a href="#summary">back to summary</a></p>
<h2 id="m8">com.crm.qa.tests.ContactsPageTest:teardown</h2>
<p class="totop"><a href="#summary">back to summary</a></p>
<h2 id="m9">com.crm.qa.tests.LoginPageTest:loginTest</h2>
<p class="totop"><a href="#summary">back to summary</a></p>
<h2 id="m10">com.crm.qa.tests.ContactsPageTest:contactspagetitleTest</h2>
<p class="totop"><a href="#summary">back to summary</a></p>
<h2 id="m11">com.crm.qa.tests.LoginPageTest:pagetitleTest</h2>
<p class="totop"><a href="#summary">back to summary</a></p>
<h2 id="m12">com.crm.qa.tests.LoginPageTest:oraclelogoTest</h2>
<p class="totop"><a href="#summary">back to summary</a></p>
<h2 id="m13">com.crm.qa.tests.HomePageTest:logoutTest</h2>
<p class="totop"><a href="#summary">back to summary</a></p>
<h2 id="m14">com.crm.qa.tests.HomePageTest:HomepagetitleTest</h2>
<p class="totop"><a href="#summary">back to summary</a></p>
<h2 id="m15">com.crm.qa.tests.HomePageTest:ContactslinkTest</h2>
<p class="totop"><a href="#summary">back to summary</a></p>
</body></html>
